2018-04-05 19:01:41,986 [Worker-3] INFO  c.g.t.t.d.PublishedGradleVersions - Gradle version information cache is up-to-date. Trying to read.
2018-04-05 19:02:55,105 [Worker-13] INFO  o.e.m.c.i.l.LifecycleMappingFactory - Using org.eclipse.m2e.jdt.JarLifecycleMapping lifecycle mapping for MavenProject: com.ships:ShipProjectV4:0.0.1-SNAPSHOT @ C:\Users\c-raf\Desktop\G00274094\pom.xml.
2018-04-05 19:02:56,828 [Worker-7] INFO  o.e.m.c.i.l.LifecycleMappingFactory - Using org.eclipse.m2e.jdt.JarLifecycleMapping lifecycle mapping for MavenProject: com.ships:ShipProjectV4:0.0.1-SNAPSHOT @ C:\Users\c-raf\Desktop\G00274094\pom.xml.
2018-04-05 19:02:59,402 [Worker-7] INFO  o.e.m.c.i.embedder.EclipseLogger - Using 'UTF-8' encoding to copy filtered resources.
2018-04-05 19:02:59,411 [Worker-7] INFO  o.e.m.c.i.embedder.EclipseLogger - Copying 1 resource
2018-04-05 19:02:59,552 [Worker-7] INFO  o.e.m.c.i.embedder.EclipseLogger - Copying 2 resources
2018-04-05 19:02:59,676 [Worker-7] INFO  o.e.m.c.i.embedder.EclipseLogger - Using 'UTF-8' encoding to copy filtered resources.
2018-04-05 19:02:59,676 [Worker-7] INFO  o.e.m.c.i.embedder.EclipseLogger - skip non existing resourceDirectory C:\Users\c-raf\Desktop\G00274094\src\test\resources
2018-04-05 19:03:04,982 [Worker-11] INFO  o.e.m.c.i.embedder.EclipseLogger - Using 'UTF-8' encoding to copy filtered resources.
2018-04-05 19:03:04,989 [Worker-11] INFO  o.e.m.c.i.embedder.EclipseLogger - Copying 1 resource
2018-04-05 19:03:05,097 [Worker-11] INFO  o.e.m.c.i.embedder.EclipseLogger - Copying 2 resources
2018-04-05 19:03:05,742 [Worker-11] INFO  o.e.m.c.i.embedder.EclipseLogger - Using 'UTF-8' encoding to copy filtered resources.
2018-04-05 19:03:05,742 [Worker-11] INFO  o.e.m.c.i.embedder.EclipseLogger - skip non existing resourceDirectory C:\Users\c-raf\Desktop\G00274094\src\test\resources
2018-04-05 19:03:05,745 [Worker-5] INFO  o.e.m.c.i.l.LifecycleMappingFactory - Using org.eclipse.m2e.jdt.JarLifecycleMapping lifecycle mapping for MavenProject: com.ships:ShipProjectV4:0.0.1-SNAPSHOT @ C:\Users\c-raf\Desktop\G00274094\pom.xml.
2018-04-05 19:03:08,916 [Worker-6] INFO  o.e.m.c.i.embedder.EclipseLogger - Using 'UTF-8' encoding to copy filtered resources.
2018-04-05 19:03:08,918 [Worker-6] INFO  o.e.m.c.i.embedder.EclipseLogger - Copying 1 resource
2018-04-05 19:03:08,979 [Worker-6] INFO  o.e.m.c.i.embedder.EclipseLogger - Copying 2 resources
2018-04-05 19:03:08,983 [Worker-6] INFO  o.e.m.c.i.embedder.EclipseLogger - Using 'UTF-8' encoding to copy filtered resources.
2018-04-05 19:03:08,984 [Worker-6] INFO  o.e.m.c.i.embedder.EclipseLogger - skip non existing resourceDirectory C:\Users\c-raf\Desktop\G00274094\src\test\resources
2018-04-05 19:03:46,657 [Worker-9] INFO  o.e.m.c.i.l.LifecycleMappingFactory - Using org.eclipse.m2e.jdt.JarLifecycleMapping lifecycle mapping for MavenProject: com.ships:ShipProjectV4:0.0.1-SNAPSHOT @ C:\Users\c-raf\Desktop\G00274094\pom.xml.
2018-04-05 19:03:48,792 [Worker-9] INFO  o.e.m.c.i.embedder.EclipseLogger - Using 'UTF-8' encoding to copy filtered resources.
2018-04-05 19:03:48,801 [Worker-9] INFO  o.e.m.c.i.embedder.EclipseLogger - Copying 1 resource
2018-04-05 19:03:48,847 [Worker-9] INFO  o.e.m.c.i.embedder.EclipseLogger - Copying 2 resources
2018-04-05 19:03:48,863 [Worker-9] INFO  o.e.m.c.i.embedder.EclipseLogger - Using 'UTF-8' encoding to copy filtered resources.
2018-04-05 19:03:48,872 [Worker-9] INFO  o.e.m.c.i.embedder.EclipseLogger - skip non existing resourceDirectory C:\Users\c-raf\Desktop\G00274094\src\test\resources
2018-04-05 19:03:51,449 [Worker-14] INFO  o.e.m.c.i.embedder.EclipseLogger - Using 'UTF-8' encoding to copy filtered resources.
2018-04-05 19:03:51,454 [Worker-14] INFO  o.e.m.c.i.embedder.EclipseLogger - Copying 1 resource
2018-04-05 19:03:51,481 [Worker-14] INFO  o.e.m.c.i.embedder.EclipseLogger - Copying 2 resources
2018-04-05 19:03:51,584 [Worker-14] INFO  o.e.m.c.i.embedder.EclipseLogger - Using 'UTF-8' encoding to copy filtered resources.
2018-04-05 19:03:51,932 [Worker-14] INFO  o.e.m.c.i.embedder.EclipseLogger - skip non existing resourceDirectory C:\Users\c-raf\Desktop\G00274094\src\test\resources
2018-04-05 19:04:47,813 [Worker-17] INFO  o.e.m.c.i.embedder.EclipseLogger - Using 'UTF-8' encoding to copy filtered resources.
2018-04-05 19:04:47,818 [Worker-17] INFO  o.e.m.c.i.embedder.EclipseLogger - Copying 1 resource
2018-04-05 19:04:47,842 [Worker-17] INFO  o.e.m.c.i.embedder.EclipseLogger - Copying 2 resources
2018-04-05 19:04:47,846 [Worker-17] INFO  o.e.m.c.i.embedder.EclipseLogger - Using 'UTF-8' encoding to copy filtered resources.
2018-04-05 19:04:47,854 [Worker-17] INFO  o.e.m.c.i.embedder.EclipseLogger - skip non existing resourceDirectory C:\Users\c-raf\Desktop\G00274094\src\test\resources
2018-04-05 19:05:19,748 [Worker-6] INFO  o.e.m.c.i.embedder.EclipseLogger - Using 'UTF-8' encoding to copy filtered resources.
2018-04-05 19:05:19,749 [Worker-6] INFO  o.e.m.c.i.embedder.EclipseLogger - Copying 0 resource
2018-04-05 19:05:19,765 [Worker-6] INFO  o.e.m.c.i.embedder.EclipseLogger - Copying 0 resource
2018-04-05 19:05:19,780 [Worker-6] INFO  o.e.m.c.i.embedder.EclipseLogger - Using 'UTF-8' encoding to copy filtered resources.
2018-04-05 19:05:19,780 [Worker-6] INFO  o.e.m.c.i.embedder.EclipseLogger - skip non existing resourceDirectory C:\Users\c-raf\Desktop\G00274094\src\test\resources
2018-04-05 19:15:17,357 [main] INFO  o.e.m2e.actions.ExecutePomAction - Creating new launch configuration
2018-04-05 19:15:37,731 [Worker-24] INFO  o.e.m.i.launch.MavenLaunchDelegate - C:\Users\c-raf\Desktop\G00274094
2018-04-05 19:15:37,731 [Worker-24] INFO  o.e.m.i.launch.MavenLaunchDelegate -  mvn -Ppom.xml -B spring-boot:run
2018-04-05 19:27:07,603 [Worker-1] INFO  c.g.t.t.d.PublishedGradleVersions - Gradle version information cache is up-to-date. Trying to read.
2018-04-05 19:34:12,836 [Worker-5] INFO  c.g.t.t.d.PublishedGradleVersions - Gradle version information cache is up-to-date. Trying to read.
2018-04-05 19:36:30,933 [Worker-0] INFO  c.g.t.t.d.PublishedGradleVersions - Gradle version information cache is up-to-date. Trying to read.
2018-04-05 19:39:06,428 [Worker-2] INFO  o.e.m.c.i.l.LifecycleMappingFactory - Using org.eclipse.m2e.jdt.JarLifecycleMapping lifecycle mapping for MavenProject: com.ships:ShipProjectV4:0.0.1-SNAPSHOT @ C:\Users\c-raf\OneDrive\Documents\College Work\Year_3\ServerSideRad\Project\G00274094\pom.xml.
2018-04-05 19:39:06,666 [Worker-3] INFO  o.e.m.c.i.l.LifecycleMappingFactory - Using org.eclipse.m2e.jdt.JarLifecycleMapping lifecycle mapping for MavenProject: com.ships:ShipProjectV4:0.0.1-SNAPSHOT @ C:\Users\c-raf\OneDrive\Documents\College Work\Year_3\ServerSideRad\Project\G00274094\pom.xml.
2018-04-05 19:39:13,037 [Worker-3] INFO  o.e.m.c.i.embedder.EclipseLogger - Using 'UTF-8' encoding to copy filtered resources.
2018-04-05 19:39:13,045 [Worker-3] INFO  o.e.m.c.i.embedder.EclipseLogger - Copying 1 resource
2018-04-05 19:39:13,079 [Worker-3] INFO  o.e.m.c.i.embedder.EclipseLogger - Copying 2 resources
2018-04-05 19:39:13,115 [Worker-3] INFO  o.e.m.c.i.embedder.EclipseLogger - Using 'UTF-8' encoding to copy filtered resources.
2018-04-05 19:39:13,115 [Worker-3] INFO  o.e.m.c.i.embedder.EclipseLogger - skip non existing resourceDirectory C:\Users\c-raf\OneDrive\Documents\College Work\Year_3\ServerSideRad\Project\G00274094\src\test\resources
2018-04-05 19:39:16,781 [Worker-5] INFO  o.e.m.c.i.l.LifecycleMappingFactory - Using org.eclipse.m2e.jdt.JarLifecycleMapping lifecycle mapping for MavenProject: com.ships:ShipProjectV4:0.0.1-SNAPSHOT @ C:\Users\c-raf\OneDrive\Documents\College Work\Year_3\ServerSideRad\Project\G00274094\pom.xml.
2018-04-05 19:39:19,581 [Worker-7] INFO  o.e.m.c.i.embedder.EclipseLogger - Using 'UTF-8' encoding to copy filtered resources.
2018-04-05 19:39:19,584 [Worker-7] INFO  o.e.m.c.i.embedder.EclipseLogger - Copying 0 resource
2018-04-05 19:39:19,585 [Worker-7] INFO  o.e.m.c.i.embedder.EclipseLogger - Copying 0 resource
2018-04-05 19:39:19,589 [Worker-7] INFO  o.e.m.c.i.embedder.EclipseLogger - Using 'UTF-8' encoding to copy filtered resources.
2018-04-05 19:39:19,590 [Worker-7] INFO  o.e.m.c.i.embedder.EclipseLogger - skip non existing resourceDirectory C:\Users\c-raf\OneDrive\Documents\College Work\Year_3\ServerSideRad\Project\G00274094\src\test\resources
